vuser_init.c(18): -----------------------------------------
vuser_init.c(19): 131027.951154313zHDQHfApcDHftAtDipfAVtcf
creatTicket.c(15): Seattle
creatTicket.c(17): Los Angeles
creatTicket.c(18): Window
creatTicket.c(19): Business
creatTicket.c(44): 733;207;04/04/2021
creatTicket.c(54): Ivan
creatTicket.c(55): Petrov
creatTicket.c(56): Adress Tverskaya, 4
creatTicket.c(57): Credit card 1111, 03/24
creatTicket.c(15): Zurich
creatTicket.c(17): Frankfurt
creatTicket.c(18): None
creatTicket.c(19): Coach
creatTicket.c(104): 911;176;04/04/2021
creatTicket.c(106): 191;176;13/04/2021
creatTicket.c(117): Ivan
creatTicket.c(118): Sidorov
creatTicket.c(119): Adress Lenina, 3
creatTicket.c(120): Credit card 2222, 03/24
creatTicket.c(15): San Francisco
creatTicket.c(17): Seattle
creatTicket.c(18): None
creatTicket.c(19): First
creatTicket.c(44): 673;133;04/04/2021
creatTicket.c(54): Sidor
creatTicket.c(55): Ivanov
creatTicket.c(56): Adress Lenina, 2
creatTicket.c(57): Credit card 1111, 02/23
creatTicket.c(15): Portland
creatTicket.c(17): Los Angeles
creatTicket.c(18): Aisle
creatTicket.c(19): Coach
creatTicket.c(104): 533;162;04/04/2021
creatTicket.c(106): 352;187;13/04/2021
creatTicket.c(117): Petr
creatTicket.c(118): Ivanov
creatTicket.c(119): Adress Oktyabrskaya, 4
creatTicket.c(120): Credit card 2222, 01/22
creatTicket.c(15): Frankfurt
creatTicket.c(17): Sydney
creatTicket.c(18): None
creatTicket.c(19): Business
creatTicket.c(44): 181;1575;04/04/2021
creatTicket.c(54): Petr
creatTicket.c(55): Sergeev
creatTicket.c(56): Adress Tverskaya, 3
creatTicket.c(57): Credit card 2222, 01/22
creatTicket.c(15): Paris
creatTicket.c(17): Paris
creatTicket.c(18): Aisle
creatTicket.c(19): Business
creatTicket.c(104): 440;0;04/04/2021
creatTicket.c(106): 441;0;13/04/2021
creatTicket.c(117): Sergey
creatTicket.c(118): Petrov
creatTicket.c(119): Adress Oktyabrskaya, 3
creatTicket.c(120): Credit card 1111, 03/24
creatTicket.c(15): Sydney
creatTicket.c(17): Frankfurt
creatTicket.c(18): Aisle
creatTicket.c(19): Coach
creatTicket.c(44): 813;998;04/04/2021
creatTicket.c(54): Sidor
creatTicket.c(55): Sergeev
creatTicket.c(56): Adress Tverskaya, 1
creatTicket.c(57): Credit card 2222, 02/23
creatTicket.c(15): London
creatTicket.c(17): San Francisco
creatTicket.c(18): None
creatTicket.c(19): Business
creatTicket.c(104): 262;803;04/04/2021
creatTicket.c(106): 621;757;13/04/2021
creatTicket.c(117): Sergey
creatTicket.c(118): Petrov
creatTicket.c(119): Adress Tverskaya, 4
creatTicket.c(120): Credit card 2222, 03/24
creatTicket.c(15): Los Angeles
creatTicket.c(17): Seattle
creatTicket.c(18): Aisle
creatTicket.c(19): Coach
creatTicket.c(44): 371;155;04/04/2021
creatTicket.c(54): Ivan
creatTicket.c(55): Ivanov
creatTicket.c(56): Adress Oktyabrskaya, 4
creatTicket.c(57): Credit card 1111, 01/22
creatTicket.c(15): Frankfurt
creatTicket.c(17): Seattle
creatTicket.c(18): Aisle
creatTicket.c(19): First
creatTicket.c(104): 170;957;04/04/2021
creatTicket.c(106): 710;957;13/04/2021
creatTicket.c(117): Sidor
creatTicket.c(118): Sergeev
creatTicket.c(119): Adress Lenina, 4
creatTicket.c(120): Credit card 3333, 03/24
ticketCheck.c(44): Цена первого билета: 0 $
ticketCheck.c(45): 4
